<?xml version="1.0" encoding="UTF-8"?>
<!-- Generated by org.testng.reporters.JUnitReportReporter -->
<testsuite hostname="DESKTOP-2A8DDC6" failures="0" tests="17" name="TestRunner.Runnerclass" time="0.772" errors="0" timestamp="2023-06-02T20:41:13 IST" skipped="17">
  <testcase classname="TestRunner.Runnerclass" name="runScenario" time="0.019">
    <skipped/>
  </testcase> <!-- runScenario -->
  <system-out/>
  <testcase classname="TestRunner.Runnerclass" name="runScenario" time="0.019">
    <skipped/>
  </testcase> <!-- runScenario -->
  <system-out/>
  <testcase classname="TestRunner.Runnerclass" name="runScenario" time="0.036">
    <skipped/>
  </testcase> <!-- runScenario -->
  <system-out/>
  <testcase classname="TestRunner.Runnerclass" name="runScenario" time="0.025">
    <skipped/>
  </testcase> <!-- runScenario -->
  <system-out/>
  <testcase classname="TestRunner.Runnerclass" name="runScenario" time="0.018">
    <skipped/>
  </testcase> <!-- runScenario -->
  <system-out/>
  <testcase classname="TestRunner.Runnerclass" name="runScenario" time="0.024">
    <skipped/>
  </testcase> <!-- runScenario -->
  <system-out/>
  <testcase classname="TestRunner.Runnerclass" name="runScenario" time="0.017">
    <skipped/>
  </testcase> <!-- runScenario -->
  <system-out/>
  <testcase classname="TestRunner.Runnerclass" name="runScenario" time="0.426">
    <skipped/>
  </testcase> <!-- runScenario -->
  <system-out/>
  <testcase classname="TestRunner.Runnerclass" name="runScenario" time="0.018">
    <skipped/>
  </testcase> <!-- runScenario -->
  <system-out/>
  <testcase classname="TestRunner.Runnerclass" name="runScenario" time="0.016">
    <skipped/>
  </testcase> <!-- runScenario -->
  <system-out/>
  <testcase classname="TestRunner.Runnerclass" name="runScenario" time="0.030">
    <skipped/>
  </testcase> <!-- runScenario -->
  <system-out/>
  <testcase classname="TestRunner.Runnerclass" name="runScenario" time="0.024">
    <skipped/>
  </testcase> <!-- runScenario -->
  <system-out/>
  <testcase classname="TestRunner.Runnerclass" name="runScenario" time="0.022">
    <skipped/>
  </testcase> <!-- runScenario -->
  <system-out/>
  <testcase classname="TestRunner.Runnerclass" name="runScenario" time="0.023">
    <skipped/>
  </testcase> <!-- runScenario -->
  <system-out/>
  <testcase classname="TestRunner.Runnerclass" name="runScenario" time="0.019">
    <skipped/>
  </testcase> <!-- runScenario -->
  <system-out/>
  <testcase classname="TestRunner.Runnerclass" name="runScenario" time="0.017">
    <skipped/>
  </testcase> <!-- runScenario -->
  <system-out/>
  <testcase classname="TestRunner.Runnerclass" name="runScenario" time="0.019">
    <skipped/>
  </testcase> <!-- runScenario -->
  <system-out/>
</testsuite> <!-- TestRunner.Runnerclass -->
