<?xml version="1.0" encoding="UTF-8"?>
<!-- Generated by org.testng.reporters.JUnitReportReporter -->
<testsuite hostname="DESKTOP-2A8DDC6" failures="0" tests="1" name="Com.Magento.Magento_Modules" time="78.621" errors="0" timestamp="2023-07-19T18:46:56 IST" skipped="0">
  <testcase classname="Com.Magento.Magento_Modules" name="add_to_cart" time="78.621"/>
  <system-out>
    <![CDATA[add_to_cart Test has started
2
2
add_to_cart Test has success]]>
  </system-out>
</testsuite> <!-- Com.Magento.Magento_Modules -->
